Arguments: 
  C:\Program Files\nodejs\node.exe C:\Users\LAZYNERD\AppData\Roaming\npm\node_modules\yarn\bin\yarn.js

PATH: 
  C:\Program Files\Common Files\Oracle\Java\javapath;C:\windows\system32;C:\windows;C:\windows\System32\Wbem;C:\windows\System32\WindowsPowerShell\v1.0\;C:\windows\System32\OpenSSH\;C:\wamp64\bin\php\php5.6.40;C:\ProgramData\ComposerSetup\bin;C:\Program Files\Android\Android Studio\jre\bin\java;C:\Program Files\Android\Android Studio\jre\bin\keytool;C:\Program Files\Android\Android Studio\jre\bin\;C:\Program Files\Java\jdk-16.0.2\bin;C:\Program Files\Git\cmd;C:\Program Files\nodejs\;C:\Users\LAZYNERD\AppData\Local\Programs\Python\Python39\Scripts\;C:\Users\LAZYNERD\AppData\Local\Programs\Python\Python39\;C:\Users\LAZYNERD\scoop\shims;C:\Users\LAZYNERD\AppData\Local\Microsoft\WindowsApps;C:\Users\LAZYNERD\AppData\Local\Programs\Microsoft VS Code\bin;C:\tools\dartsdk-windows-x64-release\bin;C:\Program Files\JetBrains\WebStorm 2021.1\bin;C:\tools\dart-sdk\bin;C:\tools\flutter\bin;C:\Users\LAZYNERD\AppData\Local\GitHubDesktop\bin;C:\Users\LAZYNERD\AppData\Roaming\Composer\vendor\bin;C:\Program Files\Android\Android Studio\jre\bin\keytool;C:\Program Files\Android\Android Studio\jre\bin\java;C:\Program Files\Android\Android Studio\jre\bin;C:\Users\LAZYNERD\AppData\Roaming\npm

Yarn version: 
  1.22.11

Node version: 
  16.9.0

Platform: 
  win32 x64

Trace: 
  Error: read ECONNRESET
      at TLSWrap.onStreamRead (node:internal/stream_base_commons:220:20)

npm manifest: 
  {
    "main": "node_modules/expo/AppEntry.js",
    "scripts": {
      "start": "expo start",
      "android": "expo start --android",
      "ios": "expo start --ios",
      "web": "expo start --web",
      "eject": "expo eject"
    },
    "dependencies": {
      "@react-native-community/masked-view": "0.1.10",
      "@react-native-community/toolbar-android": "^0.1.0-rc.2",
      "accordion-collapse-react-native": "^0.2.8",
      "asset": "^0.4.13",
      "expo": "^40.0.0",
      "expo-ads-admob": "~8.4.0",
      "expo-app-loading": "^1.0.1",
      "expo-av": "~8.7.0",
      "expo-facebook": "~9.1.0",
      "expo-font": "~8.4.0",
      "firebase": "^7.9.0",
      "moment": "^2.24.0",
      "native-base": "2.13.8",
      "react": "16.13.1",
      "react-dom": "16.13.1",
      "react-native": "https://github.com/expo/react-native/archive/sdk-40.0.1.tar.gz",
      "react-native-device-detection": "^0.2.1",
      "react-native-easy-grid": "^0.2.2",
      "react-native-gesture-handler": "~1.8.0",
      "react-native-hr-component": "^2.0.3",
      "react-native-keyboard-aware-scroll-view": "^0.9.1",
      "react-native-modalbox": "^2.0.0",
      "react-native-netinfo": "^1.1.0",
      "react-native-reanimated": "~1.13.0",
      "react-native-render-html": "^4.2.0",
      "react-native-root-toast": "^3.2.0",
      "react-native-safe-area-context": "3.1.9",
      "react-native-safe-area-view": "^1.0.0",
      "react-native-screens": "~2.15.0",
      "react-native-star-rating": "^1.1.0",
      "react-native-svg": "12.1.0",
      "react-native-swiper-flatlist": "^2.0.4",
      "react-native-timeago": "^0.5.0",
      "react-native-vector-icons": "7.0.0",
      "react-native-web": "~0.13.12",
      "react-native-webview": "11.0.0",
      "react-navigation": "^4.3.7",
      "react-navigation-drawer": "^2.4.11",
      "react-navigation-stack": "^2.3.11",
      "tcomb-form-native": "^0.6.20"
    },
    "devDependencies": {
      "@babel/core": "~7.9.0",
      "babel-preset-expo": "8.3.0"
    },
    "private": true
  }

yarn manifest: 
  No manifest

Lockfile: 
  No lockfile
